<?xml version="1.0" encoding="UTF-8"?>
<!-- Generated by org.testng.reporters.JUnitReportReporter -->
<testsuite skipped="0" hostname="studentes-PC" name="com.automation.selenium.mavenselenium" tests="1" failures="0" timestamp="19 Dec 2019 06:22:37 GMT" time="5.115" errors="0">
  <testcase name="Testtwo" time="5.115" classname="com.automation.selenium.mavenselenium"/>
</testsuite> <!-- com.automation.selenium.mavenselenium -->
