<?xml version="1.0" encoding="UTF-8"?>
<!-- Generated by org.testng.reporters.JUnitReportReporter -->
<testsuite skipped="0" hostname="studentes-PC" name="grp1.testgp" tests="2" failures="0" timestamp="08 Jan 2020 05:19:37 GMT" time="5.298" errors="0">
  <testcase name="login_method" time="4.435" classname="grp1.testgp"/>
  <testcase name="test_two" time="0.863" classname="grp1.testgp"/>
</testsuite> <!-- grp1.testgp -->
